TN:
SF:src\hooks\useAuth.ts
FN:1,(empty-report)
FNF:1
FNH:0
FNDA:0,(empty-report)
DA:1,0
DA:2,0
DA:3,0
DA:16,0
DA:17,0
DA:18,0
DA:19,0
DA:21,0
DA:22,0
DA:23,0
DA:24,0
DA:25,0
DA:26,0
DA:28,0
DA:29,0
DA:30,0
DA:31,0
DA:32,0
DA:33,0
DA:34,0
DA:36,0
DA:37,0
DA:38,0
DA:39,0
DA:40,0
DA:41,0
DA:42,0
DA:43,0
DA:44,0
DA:45,0
DA:46,0
DA:47,0
DA:48,0
DA:49,0
DA:50,0
DA:51,0
DA:52,0
DA:53,0
DA:54,0
DA:56,0
DA:57,0
DA:58,0
DA:59,0
DA:60,0
DA:62,0
DA:63,0
DA:64,0
DA:65,0
DA:66,0
DA:67,0
DA:68,0
DA:69,0
DA:70,0
DA:71,0
DA:72,0
DA:74,0
DA:75,0
DA:77,0
DA:78,0
DA:80,0
DA:81,0
DA:82,0
DA:83,0
DA:84,0
DA:85,0
DA:86,0
DA:87,0
DA:88,0
DA:90,0
DA:91,0
DA:92,0
DA:93,0
DA:94,0
DA:95,0
DA:96,0
DA:97,0
DA:98,0
DA:99,0
DA:100,0
DA:101,0
DA:102,0
DA:103,0
DA:104,0
DA:105,0
DA:106,0
DA:107,0
DA:109,0
DA:110,0
DA:111,0
DA:112,0
DA:113,0
DA:114,0
DA:115,0
DA:116,0
DA:117,0
DA:119,0
DA:120,0
DA:121,0
DA:122,0
DA:123,0
DA:124,0
DA:125,0
DA:126,0
DA:127,0
DA:128,0
DA:129,0
DA:130,0
DA:131,0
DA:132,0
DA:133,0
DA:134,0
DA:135,0
DA:136,0
DA:138,0
DA:145,0
DA:146,0
DA:147,0
DA:148,0
DA:149,0
DA:150,0
DA:151,0
DA:152,0
DA:153,0
DA:154,0
DA:155,0
DA:156,0
DA:157,0
DA:158,0
DA:159,0
DA:161,0
DA:162,0
DA:163,0
DA:164,0
DA:165,0
DA:166,0
DA:167,0
DA:168,0
DA:169,0
DA:170,0
DA:171,0
DA:172,0
DA:173,0
DA:175,0
DA:176,0
DA:177,0
DA:178,0
DA:179,0
DA:180,0
DA:181,0
DA:182,0
DA:184,0
DA:185,0
DA:186,0
DA:187,0
DA:188,0
DA:189,0
DA:190,0
DA:191,0
DA:192,0
DA:193,0
DA:194,0
DA:195,0
DA:196,0
DA:198,0
DA:199,0
DA:200,0
DA:201,0
DA:202,0
DA:203,0
DA:204,0
DA:205,0
DA:206,0
DA:208,0
DA:209,0
DA:210,0
DA:211,0
DA:212,0
DA:213,0
DA:214,0
DA:215,0
DA:216,0
DA:217,0
DA:218,0
DA:219,0
DA:220,0
DA:222,0
DA:223,0
DA:224,0
DA:225,0
DA:226,0
DA:227,0
DA:228,0
DA:229,0
DA:230,0
DA:231,0
DA:232,0
DA:233,0
DA:234,0
LF:198
LH:0
BRDA:1,0,0,0
BRF:1
BRH:0
end_of_record
TN:
SF:src\hooks\useFootprint.ts
FN:1,(empty-report)
FNF:1
FNH:0
FNDA:0,(empty-report)
DA:1,0
DA:2,0
DA:3,0
DA:4,0
DA:5,0
DA:25,0
DA:26,0
DA:27,0
DA:28,0
DA:30,0
DA:32,0
DA:33,0
DA:34,0
DA:35,0
DA:36,0
DA:38,0
DA:39,0
DA:41,0
DA:42,0
DA:43,0
DA:44,0
DA:45,0
DA:47,0
DA:48,0
DA:49,0
DA:50,0
DA:51,0
DA:53,0
DA:54,0
DA:55,0
DA:56,0
DA:59,0
DA:60,0
DA:61,0
DA:62,0
DA:63,0
DA:66,0
DA:67,0
DA:68,0
DA:69,0
DA:70,0
DA:71,0
DA:73,0
DA:74,0
DA:75,0
DA:76,0
DA:77,0
DA:80,0
DA:81,0
DA:82,0
DA:83,0
DA:84,0
DA:85,0
DA:86,0
DA:88,0
DA:89,0
DA:90,0
DA:91,0
DA:92,0
DA:93,0
DA:94,0
DA:95,0
DA:96,0
DA:97,0
DA:98,0
DA:100,0
DA:101,0
DA:102,0
DA:104,0
DA:105,0
DA:107,0
DA:108,0
DA:109,0
DA:110,0
DA:111,0
DA:112,0
DA:113,0
DA:114,0
DA:115,0
DA:116,0
DA:118,0
DA:121,0
DA:122,0
DA:123,0
DA:125,0
DA:126,0
DA:127,0
DA:128,0
DA:130,0
DA:131,0
DA:132,0
DA:133,0
DA:134,0
DA:135,0
DA:136,0
DA:137,0
DA:138,0
DA:139,0
DA:140,0
DA:141,0
DA:142,0
DA:143,0
DA:144,0
DA:145,0
DA:146,0
DA:147,0
DA:148,0
DA:149,0
DA:150,0
DA:151,0
DA:152,0
DA:153,0
DA:155,0
DA:156,0
DA:157,0
DA:159,0
DA:160,0
DA:161,0
DA:162,0
DA:163,0
DA:164,0
DA:166,0
DA:167,0
DA:168,0
DA:169,0
DA:170,0
DA:171,0
DA:172,0
DA:173,0
DA:174,0
DA:175,0
DA:176,0
DA:178,0
DA:179,0
DA:180,0
DA:181,0
DA:184,0
DA:185,0
DA:186,0
DA:187,0
DA:188,0
DA:189,0
DA:190,0
DA:191,0
DA:192,0
DA:193,0
DA:194,0
DA:195,0
DA:198,0
DA:199,0
DA:200,0
DA:201,0
DA:203,0
DA:204,0
DA:205,0
DA:206,0
DA:207,0
DA:208,0
DA:209,0
DA:210,0
DA:211,0
DA:212,0
DA:214,0
DA:215,0
DA:217,0
DA:218,0
DA:219,0
DA:220,0
DA:221,0
DA:222,0
DA:224,0
DA:225,0
DA:226,0
DA:227,0
DA:228,0
DA:229,0
DA:230,0
DA:232,0
DA:233,0
DA:234,0
DA:235,0
DA:236,0
DA:237,0
DA:239,0
DA:240,0
DA:243,0
DA:244,0
DA:245,0
DA:246,0
DA:247,0
DA:248,0
DA:249,0
DA:250,0
DA:251,0
DA:252,0
DA:254,0
DA:255,0
DA:256,0
DA:257,0
DA:260,0
DA:261,0
DA:262,0
DA:263,0
DA:264,0
DA:265,0
DA:266,0
DA:267,0
DA:268,0
DA:269,0
DA:271,0
DA:273,0
DA:274,0
DA:275,0
DA:276,0
DA:277,0
DA:278,0
DA:279,0
DA:280,0
DA:281,0
DA:283,0
DA:284,0
DA:285,0
DA:286,0
DA:287,0
DA:288,0
DA:289,0
DA:290,0
DA:291,0
LF:228
LH:0
BRDA:1,0,0,0
BRF:1
BRH:0
end_of_record
TN:
SF:src\hooks\useLeaderboard.ts
FN:1,(empty-report)
FNF:1
FNH:0
FNDA:0,(empty-report)
DA:1,0
DA:2,0
DA:18,0
DA:19,0
DA:20,0
DA:21,0
DA:23,0
DA:24,0
DA:25,0
DA:26,0
DA:27,0
DA:29,0
DA:30,0
DA:31,0
DA:32,0
DA:33,0
DA:34,0
DA:35,0
DA:36,0
DA:37,0
DA:39,0
DA:40,0
DA:41,0
DA:42,0
DA:43,0
DA:44,0
DA:45,0
DA:48,0
DA:49,0
DA:50,0
DA:51,0
DA:52,0
DA:53,0
DA:56,0
DA:57,0
DA:58,0
DA:59,0
DA:60,0
DA:61,0
DA:62,0
DA:63,0
DA:64,0
DA:65,0
DA:68,0
DA:69,0
DA:72,0
DA:73,0
DA:74,0
DA:75,0
DA:76,0
DA:77,0
DA:78,0
DA:80,0
DA:81,0
DA:82,0
DA:83,0
DA:84,0
DA:86,0
DA:87,0
DA:88,0
DA:89,0
DA:90,0
DA:92,0
DA:93,0
DA:94,0
DA:96,0
DA:97,0
DA:98,0
DA:99,0
DA:100,0
DA:101,0
DA:102,0
LF:72
LH:0
BRDA:1,0,0,0
BRF:1
BRH:0
end_of_record
TN:
SF:src\lib\api.ts
FN:1,(empty-report)
FNF:1
FNH:0
FNDA:0,(empty-report)
DA:1,0
DA:4,0
DA:6,0
DA:7,0
DA:8,0
DA:10,0
DA:11,0
DA:13,0
DA:14,0
DA:15,0
DA:16,0
DA:18,0
DA:20,0
DA:21,0
DA:22,0
DA:23,0
DA:26,0
DA:27,0
DA:28,0
DA:29,0
DA:30,0
DA:31,0
DA:33,0
DA:34,0
DA:35,0
DA:37,0
DA:38,0
LF:27
LH:0
BRDA:1,0,0,0
BRF:1
BRH:0
end_of_record
TN:
SF:src\lib\benchmarks.ts
FN:54,getVisceralComparison
FNF:1
FNH:1
FNDA:11,getVisceralComparison
DA:9,1
DA:10,1
DA:11,1
DA:12,1
DA:13,1
DA:14,1
DA:15,1
DA:16,1
DA:17,1
DA:18,1
DA:19,1
DA:20,1
DA:21,1
DA:22,1
DA:23,1
DA:24,1
DA:25,1
DA:26,1
DA:27,1
DA:28,1
DA:29,1
DA:30,1
DA:31,1
DA:32,1
DA:33,1
DA:34,1
DA:35,1
DA:36,1
DA:37,1
DA:38,1
DA:39,1
DA:40,1
DA:41,1
DA:42,1
DA:43,1
DA:44,1
DA:45,1
DA:46,1
DA:47,1
DA:48,1
DA:49,1
DA:50,1
DA:51,1
DA:52,1
DA:54,1
DA:55,11
DA:56,0
DA:57,11
DA:58,0
DA:59,11
DA:60,0
DA:61,11
DA:62,0
DA:63,0
DA:64,11
DA:65,0
DA:66,11
DA:67,9
DA:68,11
DA:69,2
DA:70,2
DA:71,11
LF:62
LH:56
BRDA:54,0,0,11
BRDA:55,1,0,0
BRDA:57,2,0,0
BRDA:59,3,0,0
BRDA:61,4,0,0
BRDA:64,5,0,0
BRDA:66,6,0,9
BRDA:68,7,0,2
BRF:8
BRH:3
end_of_record
TN:
SF:src\lib\co2calc.ts
FN:54,calculateCO2Client
FN:152,calculateBaselineClient
FNF:2
FNH:2
FNDA:29,calculateCO2Client
FNDA:5,calculateBaselineClient
DA:1,1
DA:2,1
DA:3,1
DA:4,1
DA:5,1
DA:6,1
DA:7,1
DA:9,1
DA:10,1
DA:11,1
DA:12,1
DA:13,1
DA:14,1
DA:15,1
DA:17,1
DA:18,1
DA:19,1
DA:20,1
DA:21,1
DA:23,1
DA:24,1
DA:25,1
DA:26,1
DA:27,1
DA:34,1
DA:35,1
DA:36,1
DA:37,1
DA:38,1
DA:39,1
DA:41,1
DA:42,1
DA:43,1
DA:44,1
DA:45,1
DA:46,1
DA:48,1
DA:49,1
DA:50,1
DA:51,1
DA:52,1
DA:54,1
DA:55,29
DA:56,29
DA:57,29
DA:58,29
DA:59,29
DA:60,29
DA:61,29
DA:62,29
DA:64,29
DA:65,29
DA:66,29
DA:67,29
DA:69,29
DA:71,29
DA:72,15
DA:74,15
DA:75,12
DA:76,0
DA:77,12
DA:78,0
DA:79,12
DA:80,12
DA:81,12
DA:82,15
DA:84,1
DA:85,3
DA:86,0
DA:87,0
DA:88,0
DA:89,0
DA:90,0
DA:91,2
DA:92,1
DA:93,0
DA:94,1
DA:95,0
DA:96,1
DA:97,1
DA:98,1
DA:99,1
DA:101,15
DA:102,15
DA:103,15
DA:104,12
DA:105,10
DA:106,10
DA:107,10
DA:108,1
DA:109,1
DA:110,1
DA:111,1
DA:112,1
DA:113,15
DA:114,3
DA:115,3
DA:116,29
DA:117,6
DA:118,6
DA:119,6
DA:120,2
DA:121,6
DA:122,3
DA:123,3
DA:124,4
DA:125,1
DA:126,1
DA:127,14
DA:128,3
DA:129,3
DA:130,3
DA:131,3
DA:132,3
DA:133,2
DA:134,3
DA:135,1
DA:136,1
DA:137,8
DA:138,4
DA:139,4
DA:140,4
DA:141,5
DA:142,1
DA:143,1
DA:144,1
DA:146,29
DA:147,29
DA:148,29
DA:149,29
DA:150,29
DA:152,1
DA:153,5
DA:154,5
DA:155,5
DA:156,5
DA:157,5
DA:158,5
DA:159,5
DA:160,5
DA:161,5
DA:163,5
DA:164,5
DA:166,5
DA:168,5
DA:170,5
DA:171,5
DA:173,5
DA:174,5
DA:176,5
DA:177,5
DA:178,2
DA:179,5
DA:180,2
DA:181,3
DA:182,1
DA:183,1
DA:185,5
DA:186,5
DA:187,5
DA:188,5
DA:189,5
DA:190,5
LF:163
LH:154
BRDA:54,0,0,29
BRDA:66,1,0,0
BRDA:67,2,0,0
BRDA:69,3,0,0
BRDA:71,4,0,15
BRDA:72,5,0,0
BRDA:74,6,0,12
BRDA:75,7,0,0
BRDA:77,8,0,0
BRDA:77,9,0,0
BRDA:82,10,0,3
BRDA:82,11,0,1
BRDA:85,12,0,2
BRDA:85,13,0,0
BRDA:91,14,0,1
BRDA:92,15,0,0
BRDA:94,16,0,0
BRDA:102,17,0,0
BRDA:103,18,0,12
BRDA:104,19,0,10
BRDA:107,20,0,2
BRDA:107,21,0,1
BRDA:107,22,0,1
BRDA:113,23,0,3
BRDA:116,24,0,14
BRDA:116,25,0,6
BRDA:117,26,0,0
BRDA:119,27,0,2
BRDA:121,28,0,4
BRDA:121,29,0,3
BRDA:121,30,0,3
BRDA:124,31,0,1
BRDA:127,32,0,8
BRDA:127,33,0,3
BRDA:128,34,0,0
BRDA:132,35,0,2
BRDA:134,36,0,1
BRDA:137,37,0,5
BRDA:137,38,0,4
BRDA:138,39,0,0
BRDA:141,40,0,1
BRDA:152,41,0,5
BRDA:160,42,0,0
BRDA:163,43,0,0
BRDA:171,44,0,0
BRDA:177,45,0,2
BRDA:179,46,0,3
BRDA:179,47,0,2
BRDA:181,48,0,1
BRF:49
BRH:32
end_of_record
TN:
SF:src\lib\firebase.ts
FN:1,(empty-report)
FNF:1
FNH:0
FNDA:0,(empty-report)
DA:1,0
DA:2,0
DA:3,0
DA:5,0
DA:6,0
DA:7,0
DA:8,0
DA:9,0
DA:10,0
DA:11,0
DA:12,0
DA:14,0
DA:16,0
DA:17,0
DA:18,0
DA:20,0
DA:21,0
DA:22,0
DA:23,0
DA:24,0
DA:25,0
DA:26,0
DA:27,0
DA:28,0
LF:24
LH:0
BRDA:1,0,0,0
BRF:1
BRH:0
end_of_record
TN:
SF:src\lib\offlineQueue.ts
FN:15,openDB
FN:18,request.onerror
FN:19,request.onsuccess
FN:20,request.onupgradeneeded
FN:29,enqueueAction
FN:41,request.onsuccess
FN:42,request.onerror
FN:46,getQueuedActions
FN:52,request.onsuccess
FN:57,request.onerror
FN:61,deleteAction
FN:67,request.onsuccess
FN:68,request.onerror
FN:72,syncOfflineQueue
FNF:14
FNH:9
FNDA:9,openDB
FNDA:0,request.onerror
FNDA:9,request.onsuccess
FNDA:0,request.onupgradeneeded
FNDA:3,enqueueAction
FNDA:3,request.onsuccess
FNDA:0,request.onerror
FNDA:3,getQueuedActions
FNDA:3,request.onsuccess
FNDA:0,request.onerror
FNDA:3,deleteAction
FNDA:3,request.onsuccess
FNDA:0,request.onerror
FNDA:1,syncOfflineQueue
DA:1,1
DA:11,1
DA:12,1
DA:13,1
DA:15,9
DA:16,9
DA:17,9
DA:18,9
DA:19,9
DA:20,9
DA:21,0
DA:22,0
DA:23,0
DA:24,0
DA:25,0
DA:26,9
DA:27,9
DA:29,3
DA:30,3
DA:31,3
DA:32,3
DA:33,3
DA:34,3
DA:35,3
DA:36,3
DA:37,3
DA:38,3
DA:39,3
DA:40,3
DA:41,3
DA:42,3
DA:43,3
DA:44,3
DA:46,3
DA:47,3
DA:48,3
DA:49,3
DA:50,3
DA:51,3
DA:52,3
DA:53,3
DA:55,3
DA:56,3
DA:57,3
DA:58,3
DA:59,3
DA:61,3
DA:62,3
DA:63,3
DA:64,3
DA:65,3
DA:66,3
DA:67,3
DA:68,3
DA:69,3
DA:70,3
DA:72,1
DA:73,1
DA:74,1
DA:77,1
DA:79,1
DA:80,2
DA:81,2
DA:82,1
DA:83,1
DA:84,1
DA:85,1
DA:86,1
DA:87,1
DA:88,1
DA:89,1
DA:90,1
DA:91,1
DA:92,1
DA:93,1
DA:94,1
DA:95,0
DA:96,0
DA:97,1
DA:98,1
DA:99,1
DA:100,1
DA:101,1
DA:102,1
DA:103,1
DA:104,0
DA:105,0
DA:106,1
DA:109,2
DA:110,2
DA:111,2
DA:112,2
DA:113,0
DA:115,0
DA:116,0
DA:117,2
DA:118,1
LF:97
LH:85
BRDA:15,0,0,9
BRDA:16,1,0,9
BRDA:19,2,0,9
BRDA:29,3,0,3
BRDA:31,4,0,3
BRDA:41,5,0,3
BRDA:46,6,0,3
BRDA:48,7,0,3
BRDA:52,8,0,3
BRDA:55,9,0,6
BRDA:61,10,0,3
BRDA:63,11,0,3
BRDA:67,12,0,3
BRDA:72,13,0,1
BRDA:74,14,0,0
BRDA:79,15,0,2
BRDA:81,16,0,1
BRDA:94,17,0,0
BRDA:103,18,0,0
BRDA:112,19,0,0
BRDA:77,20,0,1
BRF:21
BRH:17
end_of_record
